<?xml version="1.0" encoding="UTF-8"?>
<!-- Generated by org.testng.reporters.JUnitReportReporter -->
<testsuite hostname="DESKTOP-HGAEIA7" failures="0" tests="2" name="NewTest" time="0.018" errors="0" timestamp="2024-08-21T17:05:12 IST" skipped="0">
  <testcase classname="NewTest" name="f" time="0.015"/>
  <system-out/>
  <testcase classname="NewTest" name="f" time="0.003"/>
  <system-out/>
</testsuite> <!-- NewTest -->
