<?xml version="1.0" encoding="UTF-8"?>
<!-- Generated by org.testng.reporters.JUnitReportReporter -->
<testsuite hostname="DESKTOP-HGAEIA7" failures="0" tests="1" name="testcases.MyTest" time="0.026" errors="0" timestamp="2024-10-18T15:45:06 IST" skipped="0">
  <testcase classname="testcases.MyTest" name="openBrowser" time="0.026"/>
  <system-out/>
</testsuite> <!-- testcases.MyTest -->
