<?xml version="1.0" encoding="UTF-8"?>
<!-- Generated by org.testng.reporters.JUnitReportReporter -->
<testsuite hostname="DESKTOP-HGAEIA7" failures="0" tests="1" name="testcases.LoginTest" time="2.925" errors="0" timestamp="2024-10-18T15:45:06 IST" skipped="0">
  <testcase classname="testcases.LoginTest" name="loginTest" time="2.925"/>
  <system-out/>
</testsuite> <!-- testcases.LoginTest -->
