<?xml version="1.0" encoding="UTF-8"?>
<!-- Generated by org.testng.reporters.JUnitReportReporter -->
<testsuite hostname="DESKTOP-HGAEIA7" failures="0" tests="1" name="testcases.GmailAutomate" time="17.307" errors="0" timestamp="2024-11-29T15:13:14 IST" skipped="0">
  <testcase classname="testcases.GmailAutomate" name="gmailAutomate" time="17.307"/>
  <system-out/>
</testsuite> <!-- testcases.GmailAutomate -->
