<?xml version="1.0" encoding="UTF-8"?>
<!-- Generated by org.testng.reporters.JUnitReportReporter -->
<testsuite hostname="DESKTOP-HGAEIA7" failures="0" tests="1" name="testcases.LoginTest" time="3.737" errors="0" timestamp="2024-10-18T16:30:48 IST" skipped="0">
  <testcase classname="testcases.LoginTest" name="loginTest" time="3.737"/>
  <system-out/>
</testsuite> <!-- testcases.LoginTest -->
